\BOOKMARK [0][]{Cover.0}{Cover}{}% 1
\BOOKMARK [0][]{chapter.1}{1 Introduction}{}% 2
\BOOKMARK [1][]{section*.2}{1.1 Contributions}{chapter.1}% 3
\BOOKMARK [0][]{chapter.2}{2 Related Work}{}% 4
\BOOKMARK [1][]{section*.4}{2.1 Parallel Haskells}{chapter.2}% 5
\BOOKMARK [1][]{section*.5}{2.2 Algorithmic skeletons}{chapter.2}% 6
\BOOKMARK [1][]{section*.6}{2.3 Arrows}{chapter.2}% 7
\BOOKMARK [0][]{chapter.3}{3 Background}{}% 8
\BOOKMARK [1][]{section*.8}{3.1 Functional Programming}{chapter.3}% 9
\BOOKMARK [2][]{section*.9}{3.1.1 Why Functional Programming?}{section*.8}% 10
\BOOKMARK [2][]{section*.10}{3.1.2 A Short introduction to Haskell}{section*.8}% 11
\BOOKMARK [2][]{section*.15}{3.1.3 Monads}{section*.8}% 12
\BOOKMARK [2][]{section*.16}{3.1.4 Arrows}{section*.8}% 13
\BOOKMARK [1][]{section*.20}{3.2 Short introduction to parallel Haskells}{chapter.3}% 14
\BOOKMARK [2][]{section*.22}{3.2.1 Glasgow parallel Haskell \205 GpH}{section*.20}% 15
\BOOKMARK [2][]{section*.24}{3.2.2 \040Monad}{section*.20}% 16
\BOOKMARK [2][]{section*.26}{3.2.3 Eden}{section*.20}% 17
\BOOKMARK [0][]{chapter.4}{4 Parallel Arrows}{}% 18
\BOOKMARK [1][]{section*.28}{4.1 The type class}{chapter.4}% 19
\BOOKMARK [1][]{section*.29}{4.2 \040instances}{chapter.4}% 20
\BOOKMARK [2][]{section*.30}{4.2.1 Glasgow parallel Haskell}{section*.29}% 21
\BOOKMARK [2][]{section*.32}{4.2.2 \040Monad}{section*.29}% 22
\BOOKMARK [2][]{section*.34}{4.2.3 Eden}{section*.29}% 23
\BOOKMARK [2][]{section*.36}{4.2.4 Default configuration instances}{section*.29}% 24
\BOOKMARK [1][]{section*.37}{4.3 Extending the interface}{chapter.4}% 25
\BOOKMARK [2][]{section*.38}{4.3.1 Lazy }{section*.37}% 26
\BOOKMARK [2][]{section*.41}{4.3.2 Heterogeneous tasks}{section*.37}% 27
\BOOKMARK [1][]{section*.44}{4.4 Basic -based skeletons}{chapter.4}% 28
\BOOKMARK [2][]{section*.45}{4.4.1 Parallel and laziness}{section*.44}% 29
\BOOKMARK [2][]{section*.50}{4.4.2 Statically load-balancing parallel }{section*.44}% 30
\BOOKMARK [0][]{chapter.5}{5 Further development of Parallel Arrows}{}% 31
\BOOKMARK [1][]{section*.56}{5.1 Futures}{chapter.5}% 32
\BOOKMARK [1][]{section*.59}{5.2 Advanced topological skeletons}{chapter.5}% 33
\BOOKMARK [2][]{section*.60}{5.2.1 Parallel pipe}{section*.59}% 34
\BOOKMARK [2][]{section*.64}{5.2.2 Ring skeleton}{section*.59}% 35
\BOOKMARK [2][]{section*.67}{5.2.3 Torus skeleton}{section*.59}% 36
\BOOKMARK [0][]{chapter.6}{6 Experiment: Cloud Haskell Backend}{}% 37
\BOOKMARK [1][]{section*.74}{6.1 Node discovery and program harness}{chapter.6}% 38
\BOOKMARK [2][]{section*.75}{6.1.1 The data-structure}{section*.74}% 39
\BOOKMARK [2][]{section*.76}{6.1.2 Starting Slave nodes}{section*.74}% 40
\BOOKMARK [2][]{section*.77}{6.1.3 Starting Master nodes}{section*.74}% 41
\BOOKMARK [2][]{section*.78}{6.1.4 Startup harness}{section*.74}% 42
\BOOKMARK [1][]{section*.79}{6.2 Parallel Evaluation with Cloud Haskell}{chapter.6}% 43
\BOOKMARK [2][]{section*.80}{6.2.1 Communication basics}{section*.79}% 44
\BOOKMARK [2][]{section*.81}{6.2.2 Evaluation of values on slave nodes}{section*.79}% 45
\BOOKMARK [2][]{section*.82}{6.2.3 Parallel Evaluation Scheme}{section*.79}% 46
\BOOKMARK [1][]{section*.83}{6.3 Implementing the PArrows API}{chapter.6}% 47
\BOOKMARK [2][]{section*.84}{6.3.1 \040instance}{section*.83}% 48
\BOOKMARK [2][]{section*.85}{6.3.2 Limits of the current implementation}{section*.83}% 49
\BOOKMARK [2][]{section*.86}{6.3.3 Possible mitigation of the limits}{section*.83}% 50
\BOOKMARK [0][]{chapter.7}{7 Performance results and discussion}{}% 51
\BOOKMARK [1][]{section*.88}{7.1 Measurement platform}{chapter.7}% 52
\BOOKMARK [2][]{section*.89}{7.1.1 Hardware and software}{section*.88}% 53
\BOOKMARK [2][]{section*.90}{7.1.2 Benchmarks}{section*.88}% 54
\BOOKMARK [2][]{section*.91}{7.1.3 What parallel Haskells run where}{section*.88}% 55
\BOOKMARK [1][]{section*.92}{7.2 Benchmark results}{chapter.7}% 56
\BOOKMARK [2][]{section*.93}{7.2.1 Defining overhead}{section*.92}% 57
\BOOKMARK [2][]{section*.94}{7.2.2 Shared memory}{section*.92}% 58
\BOOKMARK [2][]{section*.95}{7.2.3 Distributed memory}{section*.92}% 59
\BOOKMARK [1][]{section*.97}{7.3 Evaluation of results}{chapter.7}% 60
\BOOKMARK [0][]{chapter.8}{8 Discussion}{}% 61
\BOOKMARK [0][]{chapter.9}{9 Conclusion}{}% 62
\BOOKMARK [1][]{section*.100}{9.1 Future work}{chapter.9}% 63
\BOOKMARK [0][]{chapter.10}{10 Appendix}{}% 64
\BOOKMARK [1][]{section*.102}{10.1 Utility Arrows}{chapter.10}% 65
\BOOKMARK [1][]{section*.106}{10.2 Profunctor Arrows}{chapter.10}% 66
\BOOKMARK [1][]{section*.108}{10.3 Additional function definitions}{chapter.10}% 67
\BOOKMARK [1][]{section*.114}{10.4 Syntactic sugar}{chapter.10}% 68
\BOOKMARK [1][]{section*.115}{10.5 Experimental Cloud Haskell backend code}{chapter.10}% 69
\BOOKMARK [1][]{section*.118}{10.6 Plots for the shared memory benchmarks}{chapter.10}% 70
\BOOKMARK [1][]{section*.133}{10.7 Plots for the distributed memory benchmarks}{chapter.10}% 71
\BOOKMARK [0][]{section*.141}{References}{}% 72
\BOOKMARK [0][]{section*.141}{List of Figures}{}% 73
\BOOKMARK [0][]{section*.141}{List of Tables}{}% 74
